
GET -- /api/blog/list -- Mozilla/5.0 (Windows NT 10.0; Win64; x64; rv:71.0) Gecko/20100101 Firefox/71.0 -- 1578208069597
POST -- /api/user/login -- Mozilla/5.0 (Windows NT 10.0; Win64; x64; rv:71.0) Gecko/20100101 Firefox/71.0 -- 1578208097367
POST -- /api/user/login -- Mozilla/5.0 (Windows NT 10.0; Win64; x64; rv:71.0) Gecko/20100101 Firefox/71.0 -- 1578208105848
GET -- /api/blog/list?isadmin=1 -- Mozilla/5.0 (Windows NT 10.0; Win64; x64; rv:71.0) Gecko/20100101 Firefox/71.0 -- 1578208106038
GET -- /api/blog/list -- Mozilla/5.0 (Windows NT 10.0; Win64; x64; rv:71.0) Gecko/20100101 Firefox/71.0 -- 1578210160477
GET -- /api/blog/list?author=%E5%BC%A0%E4%B8%89 -- Mozilla/5.0 (Windows NT 10.0; Win64; x64; rv:71.0) Gecko/20100101 Firefox/71.0 -- 1578210165817
GET -- /api/blog/detail?id=1 -- Mozilla/5.0 (Windows NT 10.0; Win64; x64; rv:71.0) Gecko/20100101 Firefox/71.0 -- 1578210177289
GET -- /api/blog/list -- Mozilla/5.0 (Windows NT 10.0; Win64; x64; rv:71.0) Gecko/20100101 Firefox/71.0 -- 1578211084413
POST -- /api/user/login -- Mozilla/5.0 (Windows NT 10.0; Win64; x64; rv:71.0) Gecko/20100101 Firefox/71.0 -- 1578211099965
POST -- /api/user/login -- Mozilla/5.0 (Windows NT 10.0; Win64; x64; rv:71.0) Gecko/20100101 Firefox/71.0 -- 1578211115570
POST -- /api/user/login -- Mozilla/5.0 (Windows NT 10.0; Win64; x64; rv:71.0) Gecko/20100101 Firefox/71.0 -- 1578211123245
GET -- /api/blog/list -- Mozilla/5.0 (Windows NT 10.0; Win64; x64; rv:71.0) Gecko/20100101 Firefox/71.0 -- 1578211138836
GET -- /api/blog/detail?id=1 -- Mozilla/5.0 (Windows NT 10.0; Win64; x64; rv:71.0) Gecko/20100101 Firefox/71.0 -- 1578211139995
GET -- /api/blog/list -- Mozilla/5.0 (Windows NT 10.0; Win64; x64; rv:71.0) Gecko/20100101 Firefox/71.0 -- 1578211141141
GET -- /api/blog/list?author=%E6%9D%8E%E5%9B%9B -- Mozilla/5.0 (Windows NT 10.0; Win64; x64; rv:71.0) Gecko/20100101 Firefox/71.0 -- 1578211144465
GET -- /api/blog/list?author=%E6%9D%8E%E5%9B%9B -- Mozilla/5.0 (Windows NT 10.0; Win64; x64; rv:71.0) Gecko/20100101 Firefox/71.0 -- 1578211148027
GET -- /api/blog/list?author=lisi -- Mozilla/5.0 (Windows NT 10.0; Win64; x64; rv:71.0) Gecko/20100101 Firefox/71.0 -- 1578211213609
GET -- /api/blog/list?author=lisi -- Mozilla/5.0 (Windows NT 10.0; Win64; x64; rv:71.0) Gecko/20100101 Firefox/71.0 -- 1578211231681
POST -- /api/user/login -- Mozilla/5.0 (Windows NT 10.0; Win64; x64; rv:71.0) Gecko/20100101 Firefox/71.0 -- 1578211254911
POST -- /api/user/login -- Mozilla/5.0 (Windows NT 10.0; Win64; x64; rv:71.0) Gecko/20100101 Firefox/71.0 -- 1578211259747
POST -- /api/user/login -- Mozilla/5.0 (Windows NT 10.0; Win64; x64; rv:71.0) Gecko/20100101 Firefox/71.0 -- 1578211447533
POST -- /api/user/login -- Mozilla/5.0 (Windows NT 10.0; Win64; x64; rv:71.0) Gecko/20100101 Firefox/71.0 -- 1578211484682
GET -- /api/blog/list?isadmin=1 -- Mozilla/5.0 (Windows NT 10.0; Win64; x64; rv:71.0) Gecko/20100101 Firefox/71.0 -- 1578211544885
POST -- /api/user/login -- Mozilla/5.0 (Windows NT 10.0; Win64; x64; rv:71.0) Gecko/20100101 Firefox/71.0 -- 1578211586358
GET -- /api/blog/list?isadmin=1 -- Mozilla/5.0 (Windows NT 10.0; Win64; x64; rv:71.0) Gecko/20100101 Firefox/71.0 -- 1578211586529
GET -- /api/blog/detail?id=5 -- Mozilla/5.0 (Windows NT 10.0; Win64; x64; rv:71.0) Gecko/20100101 Firefox/71.0 -- 1578211592047
GET -- /api/blog/detail?id=7 -- Mozilla/5.0 (Windows NT 10.0; Win64; x64; rv:71.0) Gecko/20100101 Firefox/71.0 -- 1578211596731
GET -- /api/blog/list -- Mozilla/5.0 (Windows NT 10.0; Win64; x64; rv:71.0) Gecko/20100101 Firefox/71.0 -- 1578211603951
GET -- /api/blog/detail?id=2 -- Mozilla/5.0 (Windows NT 10.0; Win64; x64; rv:71.0) Gecko/20100101 Firefox/71.0 -- 1578211606705
GET -- /api/blog/list -- Mozilla/5.0 (Windows NT 10.0; Win64; x64; rv:71.0) Gecko/20100101 Firefox/71.0 -- 1578211613824
POST -- /api/user/login -- Mozilla/5.0 (Windows NT 10.0; Win64; x64; rv:71.0) Gecko/20100101 Firefox/71.0 -- 1578211625075
GET -- /api/blog/list?isadmin=1 -- Mozilla/5.0 (Windows NT 10.0; Win64; x64; rv:71.0) Gecko/20100101 Firefox/71.0 -- 1578211625270
POST -- /api/blog/new -- Mozilla/5.0 (Windows NT 10.0; Win64; x64; rv:71.0) Gecko/20100101 Firefox/71.0 -- 1578211653484
GET -- /api/blog/list?isadmin=1 -- Mozilla/5.0 (Windows NT 10.0; Win64; x64; rv:71.0) Gecko/20100101 Firefox/71.0 -- 1578211654568
GET -- /api/blog/detail?id=23 -- Mozilla/5.0 (Windows NT 10.0; Win64; x64; rv:71.0) Gecko/20100101 Firefox/71.0 -- 1578211667718
GET -- /api/blog/detail?id=18 -- Mozilla/5.0 (Windows NT 10.0; Win64; x64; rv:71.0) Gecko/20100101 Firefox/71.0 -- 1578211691082
GET -- /api/blog/detail?id=23 -- Mozilla/5.0 (Windows NT 10.0; Win64; x64; rv:71.0) Gecko/20100101 Firefox/71.0 -- 1578211694266
POST -- /api/blog/update?id=23 -- Mozilla/5.0 (Windows NT 10.0; Win64; x64; rv:71.0) Gecko/20100101 Firefox/71.0 -- 1578211697469
GET -- /api/blog/list?isadmin=1 -- Mozilla/5.0 (Windows NT 10.0; Win64; x64; rv:71.0) Gecko/20100101 Firefox/71.0 -- 1578211698516
GET -- /api/blog/detail?id=23 -- Mozilla/5.0 (Windows NT 10.0; Win64; x64; rv:71.0) Gecko/20100101 Firefox/71.0 -- 1578211705817
POST -- /api/blog/del?id=23 -- Mozilla/5.0 (Windows NT 10.0; Win64; x64; rv:71.0) Gecko/20100101 Firefox/71.0 -- 1578211711371
GET -- /api/blog/list?isadmin=1 -- Mozilla/5.0 (Windows NT 10.0; Win64; x64; rv:71.0) Gecko/20100101 Firefox/71.0 -- 1578211711497
POST -- /api/user/login -- Mozilla/5.0 (Windows NT 10.0; Win64; x64; rv:71.0) Gecko/20100101 Firefox/71.0 -- 1578211723633
GET -- /api/blog/list?isadmin=1 -- Mozilla/5.0 (Windows NT 10.0; Win64; x64; rv:71.0) Gecko/20100101 Firefox/71.0 -- 1578211723796
POST -- /api/blog/new -- Mozilla/5.0 (Windows NT 10.0; Win64; x64; rv:71.0) Gecko/20100101 Firefox/71.0 -- 1578211729889
GET -- /api/blog/list?isadmin=1 -- Mozilla/5.0 (Windows NT 10.0; Win64; x64; rv:71.0) Gecko/20100101 Firefox/71.0 -- 1578211730946
POST -- /api/blog/del?id=24 -- Mozilla/5.0 (Windows NT 10.0; Win64; x64; rv:71.0) Gecko/20100101 Firefox/71.0 -- 1578211733731
GET -- /api/blog/list?isadmin=1 -- Mozilla/5.0 (Windows NT 10.0; Win64; x64; rv:71.0) Gecko/20100101 Firefox/71.0 -- 1578211733848
